<?xml version="1.0" encoding="UTF-8" standalone="no"?><testsuite errors="0" failures="1" name="User Controller tests" skipped="0" tests="2" time="0.49" timestamp="2024-04-21 08:57:50"><testcase name="Registering a new user via API endpoint"/><testcase name="Updating a user's username via API endpoint"><failure message="1 expectation failed.&#10;Expected status code &lt;200&gt; but was &lt;405&gt;.&#10;" type="java.lang.AssertionError">1 expectation failed.
Expected status code &lt;200&gt; but was &lt;405&gt;.
</failure><system-err>1 expectation failed.
Expected status code &lt;200&gt; but was &lt;405&gt;.
&#13;
io.restassured.internal.ResponseSpecificationImpl.validateResponseIfRequired(ResponseSpecificationImpl.groovy:696)&#13;
io.restassured.internal.ResponseSpecificationImpl.this$2$validateResponseIfRequired(ResponseSpecificationImpl.groovy)&#13;
io.restassured.internal.ResponseSpecificationImpl.statusCode(ResponseSpecificationImpl.groovy:135)&#13;
io.restassured.internal.ResponseSpecificationImpl.statusCode(ResponseSpecificationImpl.groovy:143)&#13;
io.restassured.internal.ValidatableResponseOptionsImpl.statusCode(ValidatableResponseOptionsImpl.java:89)&#13;
steps.api.UserControllerSteps.theUserReceivesAnHTTPResponseWithStatusCode(UserControllerSteps.java:45)&#13;
✽.the User receives an HTTP response with status code 200(file:///D:/Desktop/my_atf/automation-testing-framework/src/test/resources/features/api/UserController.feature:15)&#13;
</system-err></testcase></testsuite>