<?xml version="1.0" encoding="UTF-8" standalone="no"?><testsuite errors="0" failures="1" name="Task Controller Controller tests" skipped="0" tests="1" time="0.01" timestamp="2024-06-03 04:33:20"><testcase name="Successfully creating a new task"><failure message="1 expectation failed.&#10;Expected status code &lt;200&gt; but was &lt;400&gt;.&#10;" type="java.lang.AssertionError">1 expectation failed.
Expected status code &lt;200&gt; but was &lt;400&gt;.
</failure><system-err>1 expectation failed.
Expected status code &lt;200&gt; but was &lt;400&gt;.
&#13;
io.restassured.internal.ResponseSpecificationImpl.validateResponseIfRequired(ResponseSpecificationImpl.groovy:696)&#13;
io.restassured.internal.ResponseSpecificationImpl.this$2$validateResponseIfRequired(ResponseSpecificationImpl.groovy)&#13;
io.restassured.internal.ResponseSpecificationImpl.statusCode(ResponseSpecificationImpl.groovy:135)&#13;
io.restassured.internal.ResponseSpecificationImpl.statusCode(ResponseSpecificationImpl.groovy:143)&#13;
io.restassured.internal.ValidatableResponseOptionsImpl.statusCode(ValidatableResponseOptionsImpl.java:89)&#13;
steps.api.UserControllerSteps.theUserReceivesAnHTTPResponseWithStatusCode(UserControllerSteps.java:64)&#13;
âœ½.the User receives an HTTP response with status code 200(file:///D:/Desktop/my_atf/automation-testing-framework/src/test/resources/features/api/TaskContoller.feature:14)&#13;
</system-err></testcase></testsuite>