<?xml version="1.0" encoding="UTF-8" standalone="no"?><testsuite errors="1" failures="0" name="User Controller tests" skipped="0" tests="1" time="0.42" timestamp="2024-04-12 05:56:51"><testcase name="Registering a new user via API endpoint"><error message="Connection refused: connect" type="java.net.ConnectException">Connection refused: connect</error><system-err>Connection refused: connect&#13;
org.apache.http.conn.scheme.PlainSocketFactory.connectSocket(PlainSocketFactory.java:121)&#13;
org.apache.http.impl.conn.DefaultClientConnectionOperator.openConnection(DefaultClientConnectionOperator.java:180)&#13;
org.apache.http.impl.conn.ManagedClientConnectionImpl.open(ManagedClientConnectionImpl.java:326)&#13;
org.apache.http.impl.client.DefaultRequestDirector.tryConnect(DefaultRequestDirector.java:605)&#13;
org.apache.http.impl.client.DefaultRequestDirector.execute(DefaultRequestDirector.java:440)&#13;
org.apache.http.impl.client.AbstractHttpClient.doExecute(AbstractHttpClient.java:835)&#13;
org.apache.http.impl.client.CloseableHttpClient.execute(CloseableHttpClient.java:83)&#13;
io.restassured.internal.RestAssuredHttpBuilder.doRequest(RestAssuredHttpBuilder.java:141)&#13;
io.restassured.internal.http.HTTPBuilder.post(HTTPBuilder.java:349)&#13;
io.restassured.internal.RequestSpecificationImpl.sendRequest(RequestSpecificationImpl.groovy:1209)&#13;
io.restassured.internal.RequestSpecificationImpl.this$2$sendRequest(RequestSpecificationImpl.groovy)&#13;
groovy.lang.MetaMethod.doMethodInvoke(MetaMethod.java:328)&#13;
groovy.lang.MetaClassImpl.doInvokeMethod(MetaClassImpl.java:1332)&#13;
groovy.lang.MetaClassImpl.invokeMethod(MetaClassImpl.java:1087)&#13;
groovy.lang.MetaClassImpl.invokeMethod(MetaClassImpl.java:1006)&#13;
groovy.lang.MetaClassImpl.invokeMethod(MetaClassImpl.java:789)&#13;
io.restassured.internal.RequestSpecificationImpl.invokeMethod(RequestSpecificationImpl.groovy)&#13;
io.restassured.internal.filter.SendRequestFilter.filter(SendRequestFilter.groovy:30)&#13;
io.restassured.internal.filter.FilterContextImpl.next(FilterContextImpl.groovy:72)&#13;
io.restassured.filter.time.TimingFilter.filter(TimingFilter.java:56)&#13;
io.restassured.internal.filter.FilterContextImpl.next(FilterContextImpl.groovy:72)&#13;
io.restassured.internal.filter.CsrfFilter.filter(CsrfFilter.groovy:70)&#13;
io.restassured.internal.filter.FilterContextImpl.next(FilterContextImpl.groovy:72)&#13;
io.restassured.internal.RequestSpecificationImpl.applyPathParamsAndSendRequest(RequestSpecificationImpl.groovy:1704)&#13;
io.restassured.internal.RequestSpecificationImpl.this$2$applyPathParamsAndSendRequest(RequestSpecificationImpl.groovy)&#13;
groovy.lang.MetaMethod.doMethodInvoke(MetaMethod.java:328)&#13;
groovy.lang.MetaClassImpl.doInvokeMethod(MetaClassImpl.java:1332)&#13;
groovy.lang.MetaClassImpl.invokeMethod(MetaClassImpl.java:1087)&#13;
groovy.lang.MetaClassImpl.invokeMethod(MetaClassImpl.java:1006)&#13;
groovy.lang.MetaClassImpl.invokeMethod(MetaClassImpl.java:789)&#13;
io.restassured.internal.RequestSpecificationImpl.invokeMethod(RequestSpecificationImpl.groovy)&#13;
io.restassured.internal.RequestSpecificationImpl.applyPathParamsAndSendRequest(RequestSpecificationImpl.groovy:1710)&#13;
io.restassured.internal.RequestSpecificationImpl.this$2$applyPathParamsAndSendRequest(RequestSpecificationImpl.groovy)&#13;
groovy.lang.MetaMethod.doMethodInvoke(MetaMethod.java:328)&#13;
groovy.lang.MetaClassImpl.doInvokeMethod(MetaClassImpl.java:1332)&#13;
groovy.lang.MetaClassImpl.invokeMethod(MetaClassImpl.java:1087)&#13;
groovy.lang.MetaClassImpl.invokeMethod(MetaClassImpl.java:1006)&#13;
groovy.lang.MetaClassImpl.invokeMethod(MetaClassImpl.java:789)&#13;
io.restassured.internal.RequestSpecificationImpl.invokeMethod(RequestSpecificationImpl.groovy)&#13;
io.restassured.internal.RequestSpecificationImpl.post(RequestSpecificationImpl.groovy:176)&#13;
io.restassured.internal.RequestSpecificationImpl.post(RequestSpecificationImpl.groovy)&#13;
steps.api.UserControllerSteps.theUserSendsAnAPIRequestWithJSONData(UserControllerSteps.java:36)&#13;
✽.the User sends an API request with JSON data(file:///D:/Desktop/my_atf/automation-testing-framework/src/test/resources/features/api/UserController.feature:6)&#13;
</system-err></testcase></testsuite>